<?xml version="1.0" encoding="UTF-8"?>
<!-- Generated by org.testng.reporters.JUnitXMLReporter -->
<testsuite ignored="0" hostname="jls-MacBook-Air.local" failures="0" tests="3" name="Test" time="16.658" errors="0" timestamp="2022-10-22T15:36:16 EDT">
  <testcase classname="Test.TestNG_Demo" name="googleSearch" time="6.477"/>
  <testcase classname="Test.TestNG_Demo2" name="googleSearch2" time="6.616"/>
  <testcase classname="Test.TestNG_Demo2" name="googleSearch3" time="3.193"/>
</testsuite> <!-- Test -->
