<?xml version="1.0" encoding="UTF-8"?>
<testng-results ignored="0" total="3" passed="3" failed="0" skipped="0">
  <reporter-output>
  </reporter-output>
  <suite started-at="2022-10-22T15:35:54 EDT" name="Suite" finished-at="2022-10-22T15:36:11 EDT" duration-ms="16658">
    <groups>
    </groups>
    <test started-at="2022-10-22T15:35:54 EDT" name="Test" finished-at="2022-10-22T15:36:11 EDT" duration-ms="16658">
      <class name="Test.TestNG_Demo">
        <test-method is-config="true" signature="setUpTest()[pri:0, instance:Test.TestNG_Demo@6fdbe764]" started-at="2022-10-22T15:35:54 EDT" name="setUpTest" finished-at="2022-10-22T15:35:58 EDT" duration-ms="3963" status="PASS">
          <reporter-output>
          </reporter-output>
        </test-method> <!-- setUpTest -->
        <test-method signature="googleSearch()[pri:0, instance:Test.TestNG_Demo@6fdbe764]" started-at="2022-10-22T15:36:00 EDT" name="googleSearch" finished-at="2022-10-22T15:36:07 EDT" duration-ms="6477" status="PASS">
          <reporter-output>
          </reporter-output>
        </test-method> <!-- googleSearch -->
        <test-method is-config="true" signature="tearDownTest()[pri:0, instance:Test.TestNG_Demo@6fdbe764]" started-at="2022-10-22T15:36:10 EDT" name="tearDownTest" finished-at="2022-10-22T15:36:10 EDT" duration-ms="423" status="PASS">
          <reporter-output>
          </reporter-output>
        </test-method> <!-- tearDownTest -->
      </class> <!-- Test.TestNG_Demo -->
      <class name="Test.TestNG_Demo2">
        <test-method is-config="true" signature="setUpTest()[pri:0, instance:Test.TestNG_Demo2@5824a83d]" started-at="2022-10-22T15:35:58 EDT" name="setUpTest" finished-at="2022-10-22T15:36:00 EDT" duration-ms="1917" status="PASS">
          <reporter-output>
          </reporter-output>
        </test-method> <!-- setUpTest -->
        <test-method signature="googleSearch2()[pri:0, instance:Test.TestNG_Demo2@5824a83d]" started-at="2022-10-22T15:36:00 EDT" name="googleSearch2" finished-at="2022-10-22T15:36:07 EDT" duration-ms="6616" status="PASS">
          <reporter-output>
          </reporter-output>
        </test-method> <!-- googleSearch2 -->
        <test-method signature="googleSearch3()[pri:0, instance:Test.TestNG_Demo2@5824a83d]" started-at="2022-10-22T15:36:07 EDT" name="googleSearch3" finished-at="2022-10-22T15:36:10 EDT" duration-ms="3193" status="PASS">
          <reporter-output>
          </reporter-output>
        </test-method> <!-- googleSearch3 -->
        <test-method is-config="true" signature="tearDownTest()[pri:0, instance:Test.TestNG_Demo2@5824a83d]" started-at="2022-10-22T15:36:10 EDT" name="tearDownTest" finished-at="2022-10-22T15:36:11 EDT" duration-ms="439" status="PASS">
          <reporter-output>
          </reporter-output>
        </test-method> <!-- tearDownTest -->
      </class> <!-- Test.TestNG_Demo2 -->
    </test> <!-- Test -->
  </suite> <!-- Suite -->
</testng-results>
